<?xml version="1.0" encoding="UTF-8"?>
<testsuite xmlns:xsi="http://www.w3.org/2001/XMLSchema-instance" xsi:noNamespaceSchemaLocation="https://maven.apache.org/surefire/maven-surefire-plugin/xsd/surefire-test-report-3.0.xsd" version="3.0" name="com.minispring.test.DependencyInjectionTest" time="0.012" tests="4" errors="0" skipped="0" failures="0">
  <properties>
    <property name="java.specification.version" value="17"/>
    <property name="sun.cpu.isalist" value="amd64"/>
    <property name="sun.jnu.encoding" value="GBK"/>
    <property name="java.class.path" value="D:\mycode\Intel idea\mini-spring-my\mini-spring\version2\target\test-classes;D:\mycode\Intel idea\mini-spring-my\mini-spring\version2\target\classes;C:\Users\wzw\.m2\repository\org\junit\jupiter\junit-jupiter-api\5.9.2\junit-jupiter-api-5.9.2.jar;C:\Users\wzw\.m2\repository\org\opentest4j\opentest4j\1.2.0\opentest4j-1.2.0.jar;C:\Users\wzw\.m2\repository\org\junit\platform\junit-platform-commons\1.9.2\junit-platform-commons-1.9.2.jar;C:\Users\wzw\.m2\repository\org\apiguardian\apiguardian-api\1.1.2\apiguardian-api-1.1.2.jar;C:\Users\wzw\.m2\repository\org\junit\jupiter\junit-jupiter-engine\5.9.2\junit-jupiter-engine-5.9.2.jar;C:\Users\wzw\.m2\repository\org\junit\platform\junit-platform-engine\1.9.2\junit-platform-engine-1.9.2.jar;C:\Users\wzw\.m2\repository\org\dom4j\dom4j\2.1.3\dom4j-2.1.3.jar;C:\Users\wzw\.m2\repository\cglib\cglib\3.3.0\cglib-3.3.0.jar;C:\Users\wzw\.m2\repository\org\ow2\asm\asm\7.1\asm-7.1.jar;C:\Users\wzw\.m2\repository\org\aspectj\aspectjweaver\1.9.9.1\aspectjweaver-1.9.9.1.jar;C:\Users\wzw\.m2\repository\ch\qos\logback\logback-classic\1.2.11\logback-classic-1.2.11.jar;C:\Users\wzw\.m2\repository\ch\qos\logback\logback-core\1.2.11\logback-core-1.2.11.jar;C:\Users\wzw\.m2\repository\org\slf4j\slf4j-api\1.7.32\slf4j-api-1.7.32.jar;"/>
    <property name="java.vm.vendor" value="Oracle Corporation"/>
    <property name="sun.arch.data.model" value="64"/>
    <property name="user.variant" value=""/>
    <property name="java.vendor.url" value="https://java.oracle.com/"/>
    <property name="user.timezone" value="Asia/Shanghai"/>
    <property name="os.name" value="Windows 11"/>
    <property name="java.vm.specification.version" value="17"/>
    <property name="sun.java.launcher" value="SUN_STANDARD"/>
    <property name="user.country" value="CN"/>
    <property name="sun.boot.library.path" value="C:\Program Files\Java\jdk-17.0.10\bin"/>
    <property name="sun.java.command" value="C:\Users\wzw\AppData\Local\Temp\surefire10691778487948639325\surefirebooter-20250905210819745_3.jar C:\Users\wzw\AppData\Local\Temp\surefire10691778487948639325 2025-09-05T21-08-19_516-jvmRun1 surefire-20250905210819745_1tmp surefire_0-20250905210819745_2tmp"/>
    <property name="jdk.debug" value="release"/>
    <property name="surefire.test.class.path" value="D:\mycode\Intel idea\mini-spring-my\mini-spring\version2\target\test-classes;D:\mycode\Intel idea\mini-spring-my\mini-spring\version2\target\classes;C:\Users\wzw\.m2\repository\org\junit\jupiter\junit-jupiter-api\5.9.2\junit-jupiter-api-5.9.2.jar;C:\Users\wzw\.m2\repository\org\opentest4j\opentest4j\1.2.0\opentest4j-1.2.0.jar;C:\Users\wzw\.m2\repository\org\junit\platform\junit-platform-commons\1.9.2\junit-platform-commons-1.9.2.jar;C:\Users\wzw\.m2\repository\org\apiguardian\apiguardian-api\1.1.2\apiguardian-api-1.1.2.jar;C:\Users\wzw\.m2\repository\org\junit\jupiter\junit-jupiter-engine\5.9.2\junit-jupiter-engine-5.9.2.jar;C:\Users\wzw\.m2\repository\org\junit\platform\junit-platform-engine\1.9.2\junit-platform-engine-1.9.2.jar;C:\Users\wzw\.m2\repository\org\dom4j\dom4j\2.1.3\dom4j-2.1.3.jar;C:\Users\wzw\.m2\repository\cglib\cglib\3.3.0\cglib-3.3.0.jar;C:\Users\wzw\.m2\repository\org\ow2\asm\asm\7.1\asm-7.1.jar;C:\Users\wzw\.m2\repository\org\aspectj\aspectjweaver\1.9.9.1\aspectjweaver-1.9.9.1.jar;C:\Users\wzw\.m2\repository\ch\qos\logback\logback-classic\1.2.11\logback-classic-1.2.11.jar;C:\Users\wzw\.m2\repository\ch\qos\logback\logback-core\1.2.11\logback-core-1.2.11.jar;C:\Users\wzw\.m2\repository\org\slf4j\slf4j-api\1.7.32\slf4j-api-1.7.32.jar;"/>
    <property name="sun.cpu.endian" value="little"/>
    <property name="user.home" value="C:\Users\wzw"/>
    <property name="user.language" value="zh"/>
    <property name="java.specification.vendor" value="Oracle Corporation"/>
    <property name="java.version.date" value="2024-01-16"/>
    <property name="java.home" value="C:\Program Files\Java\jdk-17.0.10"/>
    <property name="file.separator" value="\"/>
    <property name="basedir" value="D:\mycode\Intel idea\mini-spring-my\mini-spring\version2"/>
    <property name="java.vm.compressedOopsMode" value="Zero based"/>
    <property name="line.separator" value="&#10;"/>
    <property name="java.vm.specification.vendor" value="Oracle Corporation"/>
    <property name="java.specification.name" value="Java Platform API Specification"/>
    <property name="surefire.real.class.path" value="C:\Users\wzw\AppData\Local\Temp\surefire10691778487948639325\surefirebooter-20250905210819745_3.jar"/>
    <property name="user.script" value=""/>
    <property name="sun.management.compiler" value="HotSpot 64-Bit Tiered Compilers"/>
    <property name="java.runtime.version" value="17.0.10+11-LTS-240"/>
    <property name="user.name" value="wzw"/>
    <property name="path.separator" value=";"/>
    <property name="os.version" value="10.0"/>
    <property name="java.runtime.name" value="Java(TM) SE Runtime Environment"/>
    <property name="file.encoding" value="GBK"/>
    <property name="java.vm.name" value="Java HotSpot(TM) 64-Bit Server VM"/>
    <property name="localRepository" value="C:\Users\wzw\.m2\repository"/>
    <property name="java.vendor.url.bug" value="https://bugreport.java.com/bugreport/"/>
    <property name="java.io.tmpdir" value="C:\Users\wzw\AppData\Local\Temp\"/>
    <property name="java.version" value="17.0.10"/>
    <property name="user.dir" value="D:\mycode\Intel idea\mini-spring-my\mini-spring\version2"/>
    <property name="os.arch" value="amd64"/>
    <property name="java.vm.specification.name" value="Java Virtual Machine Specification"/>
    <property name="sun.os.patch.level" value=""/>
    <property name="native.encoding" value="GBK"/>
    <property name="java.library.path" value="C:\Program Files\Java\jdk-17.0.10\bin;C:\Windows\Sun\Java\bin;C:\Windows\system32;C:\Windows;C:\Program Files\Java\jdk-17.0.10\bin;C:\Program Files\Java\jdk-17.0.10\jre\bin;C:\Program Files\Common Files\Oracle\Java\javapath;C:\Program Files (x86)\Common Files\Oracle\Java\javapath;D:\VMware\VMwareWorkstation\bin\;C:\Windows\system32;C:\Windows;C:\Windows\System32\Wbem;C:\Windows\System32\WindowsPowerShell\v1.0\;C:\Windows\System32\OpenSSH\;C:\Program Files (x86)\NVIDIA Corporation\PhysX\Common;C:\Program Files\NVIDIA Corporation\NVIDIA NvDLISR;D:\installedSoftWare\Git\cmd;D:\softWare\apache-maven-3.8.6\bin;C:\Program Files\dotnet\;D:\installedSoftWare\nodejs\node_global\bin;C:\Program Files\MySQL\MySQL Server 8.0\bin;D:\Windows Kits\10\Windows Performance Toolkit\;D:\softWare\mingw64\bin;D:\softWare\gradle-8.7\bin;C:\Program Files\nodejs\;C:\Program Files\TortoiseGit\bin;C:\Users\wzw\AppData\Local\Programs\Python\Python38-32\Scripts\;C:\Users\wzw\AppData\Local\Programs\Python\Python38-32\;C:\Users\wzw\AppData\Local\Microsoft\WindowsApps;C:\Users\wzw\AppData\Local\Programs\Microsoft VS Code\bin;D:\installedSoftWare\nodejs\node_global;D:\installedSoftWare\sfdx\bin;D:\installedSoftWare\idea\IntelliJ IDEA 2023.3.5\bin;C:\Users\wzw\AppData\Roaming\npm;."/>
    <property name="java.vm.info" value="mixed mode, sharing"/>
    <property name="java.vendor" value="Oracle Corporation"/>
    <property name="java.vm.version" value="17.0.10+11-LTS-240"/>
    <property name="sun.io.unicode.encoding" value="UnicodeLittle"/>
    <property name="java.class.version" value="61.0"/>
  </properties>
  <testcase name="testPropertyInjection" classname="com.minispring.test.DependencyInjectionTest" time="0.003">
    <system-out><![CDATA[创建Bean实例: userService, 构造参数: 0
开始解析构造函数: userService, 构造函数数量: 1
尝试自动装配构造函数: public com.minispring.test.bean.TestUserService()
成功解析构造函数参数: []
将Bean[userService]提前曝光到三级缓存
创建Bean实例: userDao, 构造参数: 0
开始解析构造函数: userDao, 构造函数数量: 1
尝试自动装配构造函数: public com.minispring.test.bean.TestUserDao()
成功解析构造函数参数: []
将Bean[userDao]提前曝光到三级缓存
创建并缓存单例Bean: userDao
创建并缓存单例Bean: userService
]]></system-out>
  </testcase>
  <testcase name="testAutowiring" classname="com.minispring.test.DependencyInjectionTest" time="0.003">
    <system-out><![CDATA[开始获取userServiceWithConstructor（自动装配）
创建Bean实例: userServiceWithConstructor, 构造参数: 0
开始解析构造函数: userServiceWithConstructor, 构造函数数量: 2
尝试自动装配构造函数: public com.minispring.test.bean.TestUserServiceWithConstructor(com.minispring.test.bean.TestUserDao)
解析依赖: 类型=com.minispring.test.bean.TestUserDao, 名称=arg0
按名称获取Bean: arg0
按名称获取Bean失败: 找不到名为 'arg0' 的BeanDefinition
按类型获取Bean: com.minispring.test.bean.TestUserDao
找到唯一匹配的Bean: userDao
创建Bean实例: userDao, 构造参数: 0
开始解析构造函数: userDao, 构造函数数量: 1
尝试自动装配构造函数: public com.minispring.test.bean.TestUserDao()
成功解析构造函数参数: []
将Bean[userDao]提前曝光到三级缓存
创建并缓存单例Bean: userDao
成功解析构造函数参数: [UserDao]
将Bean[userServiceWithConstructor]提前曝光到三级缓存
创建并缓存单例Bean: userServiceWithConstructor
获取到userServiceWithConstructor: com.minispring.test.bean.TestUserServiceWithConstructor$$EnhancerByCGLIB$$a7294e71@4e31276e
userDao: UserDao
]]></system-out>
  </testcase>
  <testcase name="testConstructorInjection" classname="com.minispring.test.DependencyInjectionTest" time="0.001">
    <system-out><![CDATA[开始获取userServiceWithConstructor
创建Bean实例: userDao, 构造参数: 0
开始解析构造函数: userDao, 构造函数数量: 1
尝试自动装配构造函数: public com.minispring.test.bean.TestUserDao()
成功解析构造函数参数: []
将Bean[userDao]提前曝光到三级缓存
创建并缓存单例Bean: userDao
创建Bean实例: userServiceWithConstructor, 构造参数: 1
开始解析构造函数: userServiceWithConstructor, 构造函数数量: 2
提供了参数，尝试匹配构造函数: [UserDao]
找到匹配的构造函数: public com.minispring.test.bean.TestUserServiceWithConstructor(com.minispring.test.bean.TestUserDao)
将Bean[userServiceWithConstructor]提前曝光到三级缓存
创建并缓存单例Bean: userServiceWithConstructor
获取到userServiceWithConstructor: com.minispring.test.bean.TestUserServiceWithConstructor$$EnhancerByCGLIB$$a7294e71@1a72a540
userDao: UserDao
]]></system-out>
  </testcase>
  <testcase name="testNestedDependency" classname="com.minispring.test.DependencyInjectionTest" time="0.002">
    <system-out><![CDATA[创建Bean实例: userController, 构造参数: 0
开始解析构造函数: userController, 构造函数数量: 1
尝试自动装配构造函数: public com.minispring.test.bean.TestUserController()
成功解析构造函数参数: []
将Bean[userController]提前曝光到三级缓存
创建Bean实例: userService, 构造参数: 0
开始解析构造函数: userService, 构造函数数量: 1
尝试自动装配构造函数: public com.minispring.test.bean.TestUserService()
成功解析构造函数参数: []
将Bean[userService]提前曝光到三级缓存
创建Bean实例: userDao, 构造参数: 0
开始解析构造函数: userDao, 构造函数数量: 1
尝试自动装配构造函数: public com.minispring.test.bean.TestUserDao()
成功解析构造函数参数: []
将Bean[userDao]提前曝光到三级缓存
创建并缓存单例Bean: userDao
创建并缓存单例Bean: userService
创建并缓存单例Bean: userController
]]></system-out>
  </testcase>
</testsuite>